Added Component: Designator=c8t6-L(HDR2.54-M-LI-20P)
Added Component: Designator=c8t6-R(HDR2.54-M-LI-20P)
Added Component: Designator=DC-DC(DC-DC)
Added Component: Designator=motor-L(HDR2.54-WI-6P)
Added Component: Designator=motor-R(HDR2.54-WI-6P)
Added Component: Designator=mpu6050(HDR2.54-M-LI-6P)
Added Component: Designator=oled(HDR2.54-M-LI-7P)
Added Component: Designator=POWER-7.4V(HDR2.54-LI-2P)
Added Component: Designator=tb6612-L(HDR2.54-M-LI-8P)
Added Component: Designator=tb6612-R(HDR2.54-M-LI-8P)
Added Component: Designator=UART(HDR2.54-M-LI-4P)
Added Pin To Net: NetName=5V Pin=c8t6-L-18
Added Pin To Net: NetName=5V Pin=DC-DC-3
Added Pin To Net: NetName=5V Pin=motor-L-5
Added Pin To Net: NetName=5V Pin=motor-R-5
Added Pin To Net: NetName=5V Pin=mpu6050-6
Added Pin To Net: NetName=5V Pin=oled-2
Added Pin To Net: NetName=5V Pin=tb6612-L-2
Added Net: Name=5V
Added Pin To Net: NetName=7.4V Pin=DC-DC-1
Added Pin To Net: NetName=7.4V Pin=POWER-7.4V-1
Added Pin To Net: NetName=7.4V Pin=tb6612-L-1
Added Net: Name=7.4V
Added Pin To Net: NetName=A0 Pin=motor-L-3
Added Net: Name=A0
Added Pin To Net: NetName=A1 Pin=motor-L-4
Added Net: Name=A1
Added Pin To Net: NetName=A4 Pin=oled-7
Added Net: Name=A4
Added Pin To Net: NetName=A5 Pin=oled-3
Added Net: Name=A5
Added Pin To Net: NetName=A7 Pin=oled-4
Added Net: Name=A7
Added Pin To Net: NetName=A8 Pin=c8t6-L-5
Added Net: Name=A8
Added Pin To Net: NetName=A9 Pin=c8t6-L-6
Added Pin To Net: NetName=A9 Pin=UART-4
Added Net: Name=A9
Added Pin To Net: NetName=A10 Pin=c8t6-L-7
Added Pin To Net: NetName=A10 Pin=UART-3
Added Net: Name=A10
Added Pin To Net: NetName=A11 Pin=c8t6-L-8
Added Net: Name=A11
Added Pin To Net: NetName=B0 Pin=oled-5
Added Net: Name=B0
Added Pin To Net: NetName=B1 Pin=oled-6
Added Net: Name=B1
Added Pin To Net: NetName=B5 Pin=c8t6-L-13
Added Pin To Net: NetName=B5 Pin=mpu6050-2
Added Net: Name=B5
Added Pin To Net: NetName=B6 Pin=c8t6-L-14
Added Pin To Net: NetName=B6 Pin=motor-R-3
Added Net: Name=B6
Added Pin To Net: NetName=B7 Pin=c8t6-L-15
Added Pin To Net: NetName=B7 Pin=motor-R-4
Added Net: Name=B7
Added Pin To Net: NetName=B10 Pin=mpu6050-3
Added Net: Name=B10
Added Pin To Net: NetName=B11 Pin=mpu6050-4
Added Net: Name=B11
Added Pin To Net: NetName=B12 Pin=c8t6-L-1
Added Net: Name=B12
Added Pin To Net: NetName=B13 Pin=c8t6-L-2
Added Net: Name=B13
Added Pin To Net: NetName=B14 Pin=c8t6-L-3
Added Net: Name=B14
Added Pin To Net: NetName=B15 Pin=c8t6-L-4
Added Net: Name=B15
Added Pin To Net: NetName=GND7.4V Pin=DC-DC-2
Added Pin To Net: NetName=GND7.4V Pin=POWER-7.4V-2
Added Net: Name=GND7.4V
Added Pin To Net: NetName=GND Pin=c8t6-L-19
Added Pin To Net: NetName=GND Pin=DC-DC-4
Added Pin To Net: NetName=GND Pin=motor-L-2
Added Pin To Net: NetName=GND Pin=motor-R-2
Added Pin To Net: NetName=GND Pin=mpu6050-5
Added Pin To Net: NetName=GND Pin=oled-1
Added Pin To Net: NetName=GND Pin=tb6612-L-3
Added Pin To Net: NetName=GND Pin=tb6612-L-8
Added Pin To Net: NetName=GND Pin=UART-2
Added Net: Name=GND
Added Pin To Net: NetName=ML+ Pin=motor-L-1
Added Pin To Net: NetName=ML+ Pin=tb6612-L-4
Added Net: Name=ML+
Added Pin To Net: NetName=ML- Pin=motor-L-6
Added Pin To Net: NetName=ML- Pin=tb6612-L-5
Added Net: Name=ML-
Added Pin To Net: NetName=MR+ Pin=motor-R-1
Added Pin To Net: NetName=MR+ Pin=tb6612-L-6
Added Net: Name=MR+
Added Pin To Net: NetName=MR- Pin=motor-R-6
Added Pin To Net: NetName=MR- Pin=tb6612-L-7
Added Net: Name=MR-
Added Class: Name=Æ½ºâ³µ
