Removed Pin From Net: NetName=GND Pin=c8t6-R-1
Removed Pin From Net: NetName=GND Pin=c8t6-R-2
Removed Pin From Net: NetName=B11 Pin=c8t6-R-5
Removed Pin From Net: NetName=B10 Pin=c8t6-R-6
Removed Pin From Net: NetName=B1 Pin=c8t6-R-7
Removed Pin From Net: NetName=B0 Pin=c8t6-R-8
Removed Pin From Net: NetName=A7 Pin=c8t6-R-9
Removed Pin From Net: NetName=A5 Pin=c8t6-R-11
Removed Pin From Net: NetName=A4 Pin=c8t6-R-12
Removed Pin From Net: NetName=A1 Pin=c8t6-R-15
Removed Pin From Net: NetName=A0 Pin=c8t6-R-16
Removed Pin From Net: NetName=7.4V Pin=POWER-7.4V-1
Removed Pin From Net: NetName=A8 Pin=tb6612-R-1
Removed Pin From Net: NetName=B13 Pin=tb6612-R-2
Removed Pin From Net: NetName=B12 Pin=tb6612-R-3
Removed Pin From Net: NetName=5V Pin=tb6612-R-4
Removed Pin From Net: NetName=B14 Pin=tb6612-R-5
Removed Pin From Net: NetName=B15 Pin=tb6612-R-6
Removed Pin From Net: NetName=A11 Pin=tb6612-R-7
Removed Pin From Net: NetName=GND Pin=tb6612-R-8
Added Component: Designator=S1(KCD1-101)
Add component (AddParameter): Name = "BOM名称"; Value = "1路单刀船型开关"; VariantName = "[No Variations]"
Add component (AddParameter): Name = "封装库来自淘宝卖家ID：黄晶宝石"; Value = "其他店铺购入的，请立即申请退款，本店现金奖励20~500元"; VariantName = "[No Variations]"
Add component (AddParameter): Name = "联系卖家，免费查找封装"; Value = "唯一出售店铺网址https://shop463601444.taobao.com"; VariantName = "[No Variations]"
Added Pin To Net: NetName=7.4V Pin=S1-2
Added Pin To Net: NetName=SWITCH Pin=POWER-7.4V-1
Added Pin To Net: NetName=SWITCH Pin=S1-1
Added Net: Name=SWITCH
Added Member To Class: ClassName=平衡车 Member=Component S1 KCD1-101
Added Room: Name=平衡车
